<?xml version="1.0" encoding="UTF-8"?>
<coverage generated="1464312217">
  <project timestamp="1464312217">
    <file name="/Users/facedigital/Documents/Techlunch/QA - Garantindo Qualidade nos projetos de software/phpunit-ci2/application/controllers/welcome.php">
      <class name="Welcome" namespace="global">
        <metrics methods="1" coveredmethods="0" conditionals="0" coveredconditionals="0" statements="3" coveredstatements="0" elements="4" coveredelements="0"/>
      </class>
      <line num="20" type="method" name="index" crap="2" count="0"/>
      <line num="21" type="stmt" count="0"/>
      <line num="22" type="stmt" count="0"/>
      <line num="23" type="stmt" count="0"/>
      <metrics loc="26" ncloc="9" classes="1" methods="1" coveredmethods="0" conditionals="0" coveredconditionals="0" statements="3" coveredstatements="0" elements="4" coveredelements="0"/>
    </file>
    <metrics files="1" loc="26" ncloc="9" classes="1" methods="1" coveredmethods="0" conditionals="0" coveredconditionals="0" statements="3" coveredstatements="0" elements="4" coveredelements="0"/>
  </project>
</coverage>
